<?xml version="1.0" encoding="UTF-8"?>
<!-- Generated by org.testng.reporters.JUnitXMLReporter -->
<testsuite hostname="DESKTOP-PNR9VK8" ignored="0" name="Default test" tests="4" failures="0" timestamp="2020-06-12T17:13:49 IST" time="67.088" errors="0">
  <testcase name="successAstrologerBrowserLaunch" time="21.787" classname="BrowserLaunch.SchedulingForNotified"/>
  <testcase name="successCustomerBrowserLaunch" time="12.957" classname="BrowserLaunch.SchedulingForNotified"/>
  <testcase name="SchedulingWithInvalidDataForNotified" time="4.053" classname="BrowserLaunch.SchedulingForNotified"/>
  <testcase name="FilterUsingLapsed" time="3.738" classname="BrowserLaunch.SchedulingForNotified"/>
</testsuite> <!-- Default test -->
