<?xml version="1.0" encoding="UTF-8"?>
<!-- Generated by org.testng.reporters.JUnitXMLReporter -->
<testsuite hostname="DESKTOP-PNR9VK8" ignored="0" name="SchedulingForIncomplete" tests="2" failures="0" timestamp="11 Jun 2020 05:46:28 GMT" time="43.165" errors="0">
  <testcase name="successAstrologerBrowserLaunch" time="21.637" classname="BrowserLaunch.SchedulingForIncomplete"/>
  <testcase name="SchedulingWithInvalidDataForIncomplete" time="9.981" classname="BrowserLaunch.SchedulingForIncomplete"/>
</testsuite> <!-- SchedulingForIncomplete -->
