<?xml version="1.0" encoding="UTF-8"?>
<testng-results skipped="0" failed="1" ignored="0" total="4" passed="3">
  <reporter-output>
  </reporter-output>
  <suite name="Default suite" duration-ms="175593" started-at="2020-06-11T13:12:44Z" finished-at="2020-06-11T13:15:40Z">
    <groups>
    </groups>
    <test name="Default test" duration-ms="175593" started-at="2020-06-11T13:12:44Z" finished-at="2020-06-11T13:15:40Z">
      <class name="BrowserLaunch.NotifyTheAstrologer">
        <test-method status="PASS" signature="setup()[pri:0, instance:BrowserLaunch.NotifyTheAstrologer@4f638935]" name="setup" is-config="true" duration-ms="30432" started-at="2020-06-11T13:12:44Z" finished-at="2020-06-11T13:13:14Z">
          <reporter-output>
          </reporter-output>
        </test-method> <!-- setup -->
        <test-method status="PASS" signature="successAstrologerBrowserLaunch()[pri:1, instance:BrowserLaunch.NotifyTheAstrologer@4f638935]" name="successAstrologerBrowserLaunch" duration-ms="23301" started-at="2020-06-11T13:13:14Z" description="Success Login for astrologer" finished-at="2020-06-11T13:13:38Z">
          <reporter-output>
          </reporter-output>
        </test-method> <!-- successAstrologerBrowserLaunch -->
        <test-method status="PASS" signature="successCustomerBrowserLaunch()[pri:2, instance:BrowserLaunch.NotifyTheAstrologer@4f638935]" name="successCustomerBrowserLaunch" duration-ms="13449" started-at="2020-06-11T13:13:38Z" description="Success Login for customer" finished-at="2020-06-11T13:13:51Z">
          <reporter-output>
          </reporter-output>
        </test-method> <!-- successCustomerBrowserLaunch -->
        <test-method status="PASS" signature="NotifyAstrologer()[pri:3, instance:BrowserLaunch.NotifyTheAstrologer@4f638935]" name="NotifyAstrologer" duration-ms="58490" started-at="2020-06-11T13:13:51Z" description="Notifying the astrologer from customer using search name filter" finished-at="2020-06-11T13:14:50Z">
          <reporter-output>
          </reporter-output>
        </test-method> <!-- NotifyAstrologer -->
        <test-method status="FAIL" signature="SchedulingWithInvalidDataForNotified()[pri:4, instance:BrowserLaunch.NotifyTheAstrologer@4f638935]" name="SchedulingWithInvalidDataForNotified" duration-ms="49849" started-at="2020-06-11T13:14:50Z" description="Scheduling with Invalid Data for Notified customer" finished-at="2020-06-11T13:15:40Z">
          <exception class="java.lang.NullPointerException">
            <full-stacktrace>
              <![CDATA[java.lang.NullPointerException
at AstronethraPO.CalendarPO.schedulingForNotified(CalendarPO.java:194)
at BrowserLaunch.NotifyTheAstrologer.SchedulingWithInvalidDataForNotified(NotifyTheAstrologer.java:86)
at sun.reflect.NativeMethodAccessorImpl.invoke0(Native Method)
at sun.reflect.NativeMethodAccessorImpl.invoke(Unknown Source)
at sun.reflect.DelegatingMethodAccessorImpl.invoke(Unknown Source)
at java.lang.reflect.Method.invoke(Unknown Source)
at org.testng.internal.MethodInvocationHelper.invokeMethod(MethodInvocationHelper.java:124)
at org.testng.internal.Invoker.invokeMethod(Invoker.java:583)
at org.testng.internal.Invoker.invokeTestMethod(Invoker.java:719)
at org.testng.internal.Invoker.invokeTestMethods(Invoker.java:989)
at org.testng.internal.TestMethodWorker.invokeTestMethods(TestMethodWorker.java:125)
at org.testng.internal.TestMethodWorker.run(TestMethodWorker.java:109)
at org.testng.TestRunner.privateRun(TestRunner.java:648)
at org.testng.TestRunner.run(TestRunner.java:505)
at org.testng.SuiteRunner.runTest(SuiteRunner.java:455)
at org.testng.SuiteRunner.runSequentially(SuiteRunner.java:450)
at org.testng.SuiteRunner.privateRun(SuiteRunner.java:415)
at org.testng.SuiteRunner.run(SuiteRunner.java:364)
at org.testng.SuiteRunnerWorker.runSuite(SuiteRunnerWorker.java:52)
at org.testng.SuiteRunnerWorker.run(SuiteRunnerWorker.java:84)
at org.testng.TestNG.runSuitesSequentially(TestNG.java:1208)
at org.testng.TestNG.runSuitesLocally(TestNG.java:1137)
at org.testng.TestNG.runSuites(TestNG.java:1049)
at org.testng.TestNG.run(TestNG.java:1017)
at org.testng.remote.AbstractRemoteTestNG.run(AbstractRemoteTestNG.java:115)
at org.testng.remote.RemoteTestNG.initAndRun(RemoteTestNG.java:251)
at org.testng.remote.RemoteTestNG.main(RemoteTestNG.java:77)
]]>
            </full-stacktrace>
          </exception> <!-- java.lang.NullPointerException -->
          <reporter-output>
          </reporter-output>
        </test-method> <!-- SchedulingWithInvalidDataForNotified -->
      </class> <!-- BrowserLaunch.NotifyTheAstrologer -->
    </test> <!-- Default test -->
  </suite> <!-- Default suite -->
</testng-results>
